0 info it worked if it ends with ok
1 verbose cli [ '/Users/robcourt/GIT/org.geppetto.frontend/src/main/webapp/node/node',
1 verbose cli   '/Users/robcourt/GIT/org.geppetto.frontend/src/main/webapp/node/node_modules/npm/bin/npm-cli.js',
1 verbose cli   'run',
1 verbose cli   'build-dev',
1 verbose cli   '--',
1 verbose cli   '--env.contextPath=org.geppetto.frontend',
1 verbose cli   '--env.useSsl=${useSsl}',
1 verbose cli   '--env.embedded=${embedded}',
1 verbose cli   '--env.embedderURL=${embedderURL}' ]
2 info using npm@3.9.6
3 info using node@v5.12.0
4 verbose run-script [ 'prebuild-dev', 'build-dev', 'postbuild-dev' ]
5 info lifecycle org.geppetto.frontend@0.3.7~prebuild-dev: org.geppetto.frontend@0.3.7
6 silly lifecycle org.geppetto.frontend@0.3.7~prebuild-dev: no script for prebuild-dev, continuing
7 info lifecycle org.geppetto.frontend@0.3.7~build-dev: org.geppetto.frontend@0.3.7
8 verbose lifecycle org.geppetto.frontend@0.3.7~build-dev: unsafe-perm in lifecycle true
9 verbose lifecycle org.geppetto.frontend@0.3.7~build-dev: PATH: /Users/robcourt/GIT/org.geppetto.frontend/src/main/webapp/node/node_modules/npm/bin/node-gyp-bin:/Users/robcourt/GIT/org.geppetto.frontend/src/main/webapp/node_modules/.bin:/Users/robcourt/GIT/org.geppetto.frontend/src/main/webapp/node:/Users/robcourt/GIT/org.geppetto.frontend/src/main/webapp/node:/usr/bin:/bin:/usr/sbin:/sbin:
10 verbose lifecycle org.geppetto.frontend@0.3.7~build-dev: CWD: /Users/robcourt/GIT/org.geppetto.frontend/src/main/webapp
11 silly lifecycle org.geppetto.frontend@0.3.7~build-dev: Args: [ '-c',
11 silly lifecycle   'webpack --devtool eval "--env.contextPath=org.geppetto.frontend" "--env.useSsl=${useSsl}" "--env.embedded=${embedded}" "--env.embedderURL=${embedderURL}"' ]
12 silly lifecycle org.geppetto.frontend@0.3.7~build-dev: Returned: code: 2  signal: null
13 info lifecycle org.geppetto.frontend@0.3.7~build-dev: Failed to exec build-dev script
14 verbose stack Error: org.geppetto.frontend@0.3.7 build-dev: `webpack --devtool eval "--env.contextPath=org.geppetto.frontend" "--env.useSsl=${useSsl}" "--env.embedded=${embedded}" "--env.embedderURL=${embedderURL}"`
14 verbose stack Exit status 2
14 verbose stack     at EventEmitter.<anonymous> (/Users/robcourt/GIT/org.geppetto.frontend/src/main/webapp/node/node_modules/npm/lib/utils/lifecycle.js:245:16)
14 verbose stack     at emitTwo (events.js:100:13)
14 verbose stack     at EventEmitter.emit (events.js:185:7)
14 verbose stack     at ChildProcess.<anonymous> (/Users/robcourt/GIT/org.geppetto.frontend/src/main/webapp/node/node_modules/npm/lib/utils/spawn.js:24:14)
14 verbose stack     at emitTwo (events.js:100:13)
14 verbose stack     at ChildProcess.emit (events.js:185:7)
14 verbose stack     at maybeClose (internal/child_process.js:850:16)
14 verbose stack     at Process.ChildProcess._handle.onexit (internal/child_process.js:215:5)
15 verbose pkgid org.geppetto.frontend@0.3.7
16 verbose cwd /Users/robcourt/GIT/org.geppetto.frontend/src/main/webapp
17 error Darwin 16.7.0
18 error argv "/Users/robcourt/GIT/org.geppetto.frontend/src/main/webapp/node/node" "/Users/robcourt/GIT/org.geppetto.frontend/src/main/webapp/node/node_modules/npm/bin/npm-cli.js" "run" "build-dev" "--" "--env.contextPath=org.geppetto.frontend" "--env.useSsl=${useSsl}" "--env.embedded=${embedded}" "--env.embedderURL=${embedderURL}"
19 error node v5.12.0
20 error npm  v3.9.6
21 error code ELIFECYCLE
22 error org.geppetto.frontend@0.3.7 build-dev: `webpack --devtool eval "--env.contextPath=org.geppetto.frontend" "--env.useSsl=${useSsl}" "--env.embedded=${embedded}" "--env.embedderURL=${embedderURL}"`
22 error Exit status 2
23 error Failed at the org.geppetto.frontend@0.3.7 build-dev script 'webpack --devtool eval "--env.contextPath=org.geppetto.frontend" "--env.useSsl=${useSsl}" "--env.embedded=${embedded}" "--env.embedderURL=${embedderURL}"'.
23 error Make sure you have the latest version of node.js and npm installed.
23 error If you do, this is most likely a problem with the org.geppetto.frontend package,
23 error not with npm itself.
23 error Tell the author that this fails on your system:
23 error     webpack --devtool eval "--env.contextPath=org.geppetto.frontend" "--env.useSsl=${useSsl}" "--env.embedded=${embedded}" "--env.embedderURL=${embedderURL}"
23 error You can get information on how to open an issue for this project with:
23 error     npm bugs org.geppetto.frontend
23 error Or if that isn't available, you can get their info via:
23 error     npm owner ls org.geppetto.frontend
23 error There is likely additional logging output above.
24 verbose exit [ 1, true ]
